160
2 301 322 
2 45 423 
2 286 292 
2 16 420 
2 93 337 
2 89 333 
2 113 315 
2 197 207 
2 97 485 
2 47 476 
2 252 368 
2 35 90 
2 276 441 
2 28 181 
3 116 227 369 
2 190 275 
2 196 437 
3 256 411 495 
3 159 330 351 
2 14 486 
3 20 54 352 
2 236 300 
3 302 306 413 
2 170 334 
2 154 443 
2 165 264 
2 454 492 
2 1 376 
2 5 279 
2 12 355 
3 156 174 482 
2 421 433 
3 33 151 164 
3 185 213 273 
3 21 91 427 
3 6 149 414 
4 27 230 358 419 
3 92 120 219 
3 245 326 329 
4 78 175 189 277 
4 56 66 86 184 
2 210 299 
4 17 297 298 343 
4 40 319 475 484 
4 7 206 267 396 
3 64 163 382 
4 247 268 412 494 
3 61 360 455 
4 103 147 177 182 
4 18 72 179 240 
3 212 463 491 
4 158 336 428 448 
4 57 192 261 451 
3 11 48 473 
4 52 385 405 449 
4 217 231 353 384 
4 73 367 383 395 
3 26 155 266 
4 162 200 221 444 
3 38 42 294 
4 141 201 293 409 
4 15 70 424 447 
4 106 117 254 387 
4 8 108 289 339 
3 349 350 410 
3 166 237 462 
3 9 234 388 
4 176 198 434 452 
4 10 44 223 371 
4 111 242 407 465 
3 0 271 342 
4 60 332 429 461 
3 104 356 359 
4 19 76 215 401 
3 180 397 430 
3 23 225 377 
4 121 139 324 480 
4 129 283 313 320 
4 87 99 193 497 
3 34 160 362 
4 152 186 249 393 
4 214 496 498 499 
4 62 107 310 431 
4 65 80 311 489 
3 13 109 438 
4 98 187 335 364 
4 101 122 208 259 
3 29 445 474 
3 269 288 345 
4 31 304 392 493 
4 204 375 408 472 
3 203 361 394 
4 77 199 251 439 
4 24 323 365 468 
4 41 171 372 467 
4 136 258 327 363 
4 55 71 146 442 
3 3 391 404 
3 211 328 450 
4 123 172 284 432 
4 114 278 389 477 
4 124 188 386 490 
4 140 143 218 325 
4 96 263 354 390 
3 233 348 403 
4 138 235 422 466 
4 22 115 148 173 
4 43 59 282 285 
4 131 132 400 459 
4 232 257 399 460 
4 32 105 253 379 
4 119 307 346 357 
4 46 133 144 244 
4 36 81 226 479 
4 95 112 295 303 
3 25 446 483 
4 79 153 416 417 
4 30 100 425 470 
4 50 157 373 398 
4 130 341 406 478 
4 69 270 378 380 
3 82 128 338 
3 75 287 453 
3 272 274 435 
3 229 280 418 
3 39 347 487 
3 195 238 436 
3 85 191 296 
3 145 222 255 
3 37 260 340 
3 88 318 464 
3 68 366 381 
3 94 137 456 
3 110 161 308 
3 127 246 317 
3 126 402 440 
3 142 209 316 
3 169 205 224 
3 83 168 312 
3 63 281 291 
3 102 194 469 
3 4 74 488 
3 135 220 250 
3 262 290 458 
3 202 239 374 
3 228 321 426 
3 150 344 457 
2 118 471 
2 53 305 
2 183 314 
2 49 67 
2 58 134 
2 2 265 
2 125 178 
2 243 370 
2 248 309 
2 51 241 
2 216 331 
2 84 167 
2 415 481 
