1628
4 746 4826 5515 8161 
3 1737 5941 7993 
4 4808 5046 5905 9088 
3 70 4259 6404 
3 421 7398 8591 
3 5366 5989 7834 
4 3166 4167 4194 8754 
4 733 1406 3463 6839 
4 6168 6255 7804 9128 
4 849 3464 5583 8273 
4 2861 5168 5845 8337 
4 1909 5694 6632 8644 
3 913 5357 6869 
4 7408 8197 8668 8775 
4 2572 4516 5399 9383 
3 6964 7529 8133 
4 618 3876 5121 6118 
4 976 4467 8418 8637 
4 2590 4291 6196 7757 
3 4139 7923 7975 
2 836 8785 
4 398 3570 6195 8626 
3 2982 6256 9620 
3 1897 3987 8407 
4 4473 4995 7241 8437 
4 2728 4570 6613 8445 
4 628 820 2751 6351 
4 1261 5796 8670 9933 
3 2595 6533 9906 
4 1396 5326 6639 8023 
4 773 3792 3818 6129 
4 1116 5383 7583 8593 
3 5661 8148 8501 
4 859 3311 4567 5083 
4 1552 4902 7722 9612 
4 3621 4386 6041 8397 
2 2345 6312 
4 396 5526 7515 9393 
4 2117 2406 9320 9542 
4 4966 5913 8360 9353 
4 674 3231 3591 9004 
4 675 2277 2344 5231 
3 802 3629 7983 
4 283 4498 4631 7518 
3 6655 8579 9366 
4 1093 8490 8722 9213 
4 847 4619 5945 9760 
4 3526 3632 5744 6550 
4 5643 6564 8814 8873 
4 281 936 1416 7699 
3 2545 2598 4218 
4 432 589 8392 9029 
4 446 4573 5439 8119 
4 1164 2097 5864 9487 
4 5052 5886 5895 6959 
4 1388 7093 7638 7704 
4 3593 4337 4594 6823 
4 2293 6735 7065 9678 
4 1793 6584 8097 8576 
4 66 2222 7577 8985 
4 65 2843 3555 4141 
4 576 5652 5779 9690 
4 4102 5098 6805 8639 
3 71 2819 5697 
4 49 3217 3295 5128 
4 201 5943 7569 7678 
4 361 1433 5918 7463 
4 973 1071 4916 7375 
3 604 4106 5869 
4 810 1395 1756 7579 
4 926 2932 3527 7102 
4 1830 2800 4698 6476 
4 2589 3153 5222 8369 
4 593 3750 6410 9151 
4 3257 4505 6547 7064 
4 120 4940 8224 9572 
3 4100 8485 8927 
4 1040 2940 6036 8777 
4 3022 8616 8991 9179 
4 3420 7643 8618 9570 
4 3015 3356 7304 8193 
4 3745 4090 6028 8746 
4 1160 1742 3499 5649 
4 2235 5271 7936 8477 
3 5090 5720 8101 
4 392 2395 4096 5973 
4 831 3226 6144 7369 
4 2185 3656 7409 8054 
4 1146 3753 6792 7208 
3 110 2369 7108 
4 161 3024 5870 6913 
4 2282 3825 6313 6345 
4 2196 6104 6623 9546 
4 4318 5651 6449 8548 
4 3121 4233 8081 8398 
4 2160 4695 5754 8174 
4 1162 2459 3365 9354 
4 121 1510 4788 7466 
3 4406 8320 8367 
3 5616 7367 7551 
4 117 2002 4599 8479 
4 4041 6025 8452 9105 
3 349 8058 9529 
4 1411 5773 7005 7796 
3 3519 8689 9261 
4 2267 5998 6586 7525 
2 2489 4477 
4 305 2475 7057 9183 
4 631 1050 1824 9965 
4 915 2045 3108 6935 
4 3844 4147 4887 6459 
4 1170 2507 5732 7710 
4 1277 4044 7526 9111 
4 884 2795 4527 8752 
4 2096 3809 4222 5912 
3 2094 3136 3765 
4 3468 5172 6981 7330 
4 203 2726 5244 7543 
4 857 3715 7175 7700 
4 2149 6649 8010 9917 
3 4964 6132 7136 
4 2712 4449 6567 7969 
4 62 4004 5107 9540 
3 4036 6782 7480 
4 1096 2296 2686 9341 
4 684 4720 6582 6733 
4 1556 4550 4895 7592 
3 1423 2703 8384 
4 2080 4161 4307 5952 
4 540 4961 6611 8186 
4 887 1625 7629 9629 
4 44 2212 3894 4151 
4 1524 5760 7461 7647 
4 4638 5602 8199 9705 
3 586 3253 8702 
4 1271 6702 7614 9131 
3 401 7927 8854 
4 1491 6905 8103 9614 
4 1666 7444 7464 7886 
3 998 2274 8737 
4 5375 7088 8079 8671 
4 1372 1518 2944 3055 
4 68 2914 3135 4405 
4 3573 6259 6762 7841 
4 461 1941 4894 8040 
4 3697 4177 4949 8911 
4 2012 4509 5240 7863 
3 2584 7897 7978 
4 2008 6403 8240 9812 
2 1101 9247 
4 1763 7524 8259 8804 
4 2023 6220 7026 8707 
3 3505 5931 8073 
3 3887 7814 8004 
4 13 4848 5514 7884 
4 499 877 5570 9150 
4 1440 1591 4197 7308 
4 947 1522 5772 9121 
4 362 1812 7050 8179 
4 1895 1969 5024 7861 
4 1821 3686 6784 8534 
4 2619 6015 7540 9552 
4 948 2964 5239 8895 
4 7 4644 7570 8175 
3 2727 5875 8189 
4 4574 5256 6363 7399 
4 5081 6381 8180 8878 
4 556 6571 7451 7567 
4 780 2848 7246 8387 
4 2736 3001 3442 9675 
4 47 1564 3203 7792 
4 606 1233 5891 6296 
4 1385 3367 5557 5849 
4 4863 6016 7119 7830 
4 2265 2962 5948 7024 
4 520 962 4734 5621 
4 479 2935 7956 9942 
4 3047 4150 6443 9194 
4 5094 5101 8291 9256 
3 2061 3457 6634 
4 3816 5777 6226 8636 
4 7145 7314 7500 8964 
4 3097 3566 5427 8954 
4 673 4320 4886 9246 
4 1115 2672 2941 6740 
4 1851 8839 9186 9863 
4 1620 2968 3769 8204 
4 1329 6605 7168 9853 
4 2890 3451 6640 8604 
4 453 1476 6523 8523 
4 297 2723 6411 8377 
4 1509 5034 8553 8606 
4 1729 3583 8842 9291 
4 578 2481 5653 9584 
4 660 778 1287 5742 
3 63 3072 4769 
4 2873 7262 8453 9927 
4 59 6058 7915 8982 
4 1936 2687 6454 7267 
4 1311 4912 8712 9123 
4 336 1248 3052 3378 
4 2120 5729 5916 9048 
4 1081 1387 6225 9813 
4 197 4419 5494 5991 
4 132 223 3120 4390 
4 443 4410 7305 7380 
4 3904 4076 5206 5477 
3 2308 4917 8116 
4 1601 2752 9581 9996 
4 1114 3247 8528 9568 
3 956 2155 5609 
4 2740 6628 6957 7178 
3 2081 2814 6240 
3 791 1561 5131 
4 147 370 633 3300 
4 529 866 1717 3542 
4 7595 7891 8022 9344 
3 678 6638 7313 
4 1179 2596 3498 6252 
4 1778 2548 5212 5824 
4 1238 4415 8603 8706 
4 1203 2916 5628 6756 
3 2817 3228 7521 
4 766 1214 4281 6038 
4 6 1787 5197 6953 
4 175 5592 7041 8210 
4 3244 3535 8152 8198 
4 1045 3273 6673 6822 
4 931 6126 7751 7981 
4 4997 7100 7760 9776 
4 2353 3437 7603 8956 
3 2141 3132 8047 
4 1584 2313 8585 9790 
4 4043 5947 7135 9411 
4 403 3781 6863 9019 
4 543 3149 5705 9299 
4 1224 3106 3608 6280 
4 198 6112 6774 8837 
4 2583 5251 6263 9561 
4 1492 1949 5404 7209 
4 844 1963 7259 8469 
3 373 2115 6205 
4 1718 1801 7937 9638 
4 4775 5363 7628 8849 
4 2759 3323 3647 6899 
2 3114 6668 
4 3802 6134 8562 8641 
4 3155 5134 5758 7225 
4 4725 5295 8077 8426 
4 594 1217 4659 9468 
4 2148 2193 3678 6288 
3 1415 6171 7549 
4 1853 5140 6377 8036 
4 208 5451 8045 9243 
4 4461 4490 8601 8726 
4 709 818 2806 3137 
4 4558 5713 6737 7439 
3 458 7198 7326 
4 995 1687 6661 9618 
4 3484 5593 8761 9452 
4 6270 7368 7939 8686 
4 848 4105 5001 8682 
4 82 3354 8167 8736 
3 5785 6354 7819 
4 542 714 5203 7104 
4 3842 7250 7976 9532 
4 723 2558 7142 9597 
3 1677 4518 5006 
4 3278 5416 5837 8332 
3 4670 9119 9824 
4 1325 1976 7083 9732 
3 636 6336 9275 
4 1231 3940 5506 9527 
4 719 5077 7445 9129 
4 513 1988 2674 2879 
4 145 566 3443 9959 
4 676 5553 6748 9425 
4 525 3037 6093 8697 
4 5308 7232 8298 9483 
4 371 727 3218 5964 
4 2455 2828 4874 8297 
3 2124 7945 9166 
4 3176 5413 7196 8624 
3 2642 6544 7950 
4 319 9252 9302 9398 
4 2162 3796 3978 7212 
4 3368 4520 5683 7008 
4 902 2095 7530 8187 
3 3626 6577 6715 
4 6370 8200 8745 9433 
3 3889 7201 9871 
4 1374 1817 2152 7359 
4 399 1253 1322 3775 
4 1649 1958 8692 9559 
4 5166 7360 8430 9569 
4 683 1330 3258 4652 
4 1364 1562 3914 9511 
4 9 3704 4095 7616 
4 38 2499 3223 5105 
4 460 3707 6170 9235 
4 2295 4137 5236 9236 
4 251 666 5276 6229 
4 532 642 5160 6534 
4 1928 2246 6944 7231 
4 854 2129 4913 7032 
3 2957 3272 5817 
3 7475 8250 9784 
4 1009 2085 8001 8509 
4 1336 1341 7827 9197 
4 1429 1908 5149 7574 
4 987 4131 9340 9984 
4 3674 5043 5823 8355 
3 177 1487 2213 
3 1891 5214 6842 
4 2218 2549 4026 8733 
3 1861 4097 9818 
4 1508 2290 2628 9751 
4 553 5332 6426 9866 
4 1286 5783 7733 8608 
4 2199 8946 9267 9414 
4 142 1001 2245 3835 
3 333 648 1724 
4 850 1159 5960 7880 
4 1444 2203 3896 8400 
4 3293 7788 9063 9297 
4 3112 4135 6374 8797 
4 1915 2064 3480 5625 
4 2560 5196 5211 7610 
3 4025 5042 8063 
4 752 889 2009 5350 
4 2563 3895 7101 9238 
4 23 2342 3587 5962 
4 1621 4579 5613 8318 
4 2046 3043 6627 9765 
4 1044 1095 2125 2573 
4 1400 5671 8084 8449 
3 4235 5096 8803 
4 1713 2802 3370 8657 
4 2375 5835 7953 9374 
4 3493 4561 6988 8789 
4 537 3050 3689 7715 
4 534 3675 3980 9305 
4 3165 4575 6558 9263 
4 864 2533 7701 9873 
4 1550 3302 5627 9930 
3 2627 3096 7558 
4 565 7357 7618 9333 
4 433 2517 2934 8287 
4 1701 5174 7118 8411 
3 6495 7077 9900 
4 717 4264 6677 9828 
4 1707 7496 7585 8286 
3 6537 6965 9283 
4 3677 5482 8284 8932 
4 570 924 2870 4487 
4 2323 2569 7979 9295 
4 2364 6470 8252 9539 
4 1946 5323 7460 7823 
4 31 7596 8376 8465 
4 178 1174 5387 8851 
3 103 4430 6593 
4 2922 5324 8226 8811 
4 3142 6942 7511 9182 
4 922 3795 4220 9864 
4 3517 4322 4844 4883 
4 839 3201 5346 8673 
3 3791 8929 8997 
4 5153 5791 6687 9649 
4 1877 1975 6321 7166 
4 4273 4475 4668 8435 
4 2905 4770 7859 8094 
3 407 1684 7436 
3 11 5163 5907 
4 1984 4170 5066 9154 
4 954 1442 3607 6856 
4 1464 1712 3672 4221 
4 774 2029 7516 8564 
4 4811 4814 7534 9797 
4 1418 5047 5119 6703 
4 1924 4340 4402 8164 
4 3596 3912 4688 5359 
4 2439 3357 3857 5386 
4 1981 6042 6060 8253 
3 5770 7086 7290 
3 6666 7151 9966 
4 3932 7310 8205 9713 
3 2772 3506 8612 
4 3376 4837 7276 9214 
3 3002 5330 8431 
4 4657 5836 7512 9000 
4 2456 2676 3379 3752 
4 3859 5310 6799 9588 
4 5644 5853 5919 6873 
4 1353 2960 7415 9599 
4 296 2469 5013 9802 
4 522 807 4267 9946 
4 61 1726 3730 9525 
4 1754 2604 8132 9848 
4 2154 5503 5909 7748 
3 2600 2994 6656 
4 5600 8115 9251 9296 
4 2953 3661 7876 9307 
4 2184 4058 8342 9038 
3 2259 5058 8442 
4 750 3866 6147 6887 
4 876 3078 7964 9986 
3 4604 6364 7219 
4 3869 4551 4790 7858 
3 853 1085 1955 
4 7152 7202 8806 9734 
2 3942 4685 
4 2330 3301 4983 6300 
4 1010 2834 4884 5518 
4 2544 4875 6065 8438 
4 4607 6746 7922 9403 
4 738 3708 6046 8793 
4 383 5210 7825 9771 
4 1376 4064 7406 9722 
4 796 1681 6329 6664 
4 2033 2072 6618 9888 
4 2787 4480 5277 8529 
4 2228 3305 7253 9689 
4 1359 4474 9709 9944 
4 2036 6846 7948 9078 
4 3543 6107 8429 8868 
4 1843 7302 7443 8363 
4 769 2697 7677 8516 
3 2351 3899 7346 
4 4617 6359 9616 9726 
3 1996 2649 6927 
4 3834 6757 8625 9165 
4 656 1849 3540 5048 
3 1013 6477 9325 
4 4914 5938 5982 7085 
4 4104 5686 6316 6923 
4 384 467 1605 9716 
4 3029 3913 4499 5488 
4 2221 5898 6178 7048 
3 3167 5665 9289 
4 3046 4655 7726 9257 
4 3579 6882 8439 9600 
3 1839 7555 9691 
4 2314 2358 4692 9795 
4 18 26 2765 8652 
4 688 3668 5904 6603 
4 1704 2007 4238 9631 
4 1335 1845 2863 3170 
4 2087 2612 4933 7481 
4 5672 6818 7494 8110 
4 1393 5879 6365 9489 
4 331 2401 4112 6063 
4 3434 4244 7985 9514 
4 919 1734 4907 6645 
4 3438 5474 6985 9819 
4 451 3085 3475 7454 
4 3196 4381 5921 8443 
4 3903 5028 6045 7522 
4 27 3117 4185 6005 
4 39 2785 3612 8338 
4 5540 7316 8007 9337 
4 1061 4495 6685 8037 
4 1747 5873 8709 9972 
4 3414 5156 6994 7756 
4 1820 3012 7672 8614 
4 1526 2608 4124 8711 
4 1859 1985 4524 6721 
3 1796 2340 9746 
4 1421 2000 3870 9602 
4 1037 2536 7550 7673 
4 1589 1783 9429 9921 
4 350 992 5219 7040 
4 1519 2746 3131 7725 
4 67 1357 2939 8372 
4 1132 8889 9571 9605 
4 3126 4001 4977 9356 
4 321 912 2501 9566 
4 1544 2532 6602 7447 
4 6507 7902 8059 8834 
4 609 1632 1934 7960 
4 3028 5681 6420 9894 
4 1671 2003 2555 5382 
4 257 3134 7851 8470 
4 3026 8478 9250 9418 
4 4557 5061 6503 7078 
4 559 1716 5981 9350 
4 1445 4786 8256 8527 
4 1833 5958 6228 9196 
4 2618 2952 5209 5633 
4 2305 5708 7184 9974 
4 5559 5917 8701 9397 
4 96 843 8845 9443 
4 1351 5041 9221 9862 
4 1943 2575 4240 5520 
4 755 2920 3544 9695 
4 2949 4623 4847 8117 
4 1344 3309 8759 8880 
4 875 1235 1282 6528 
4 4582 4636 4925 8331 
3 3316 6636 7896 
4 1529 5125 5522 8721 
4 3811 4702 9157 9388 
4 984 6698 7210 7648 
3 2070 8468 8976 
4 2331 3340 6409 8202 
4 4935 5510 5579 6989 
4 2043 2509 7060 8434 
4 58 1558 4959 6176 
3 1711 4600 9806 
4 2286 3062 7764 8447 
4 3239 6481 7129 9376 
4 301 341 1117 1818 
4 46 1004 2950 7363 
4 289 3880 4361 5531 
4 2437 6323 6361 7013 
4 253 6050 6976 7793 
4 842 2280 4292 7850 
4 3362 5670 7489 7914 
3 1094 2954 8563 
4 1735 3087 7432 7777 
3 6738 7617 9015 
4 4055 4068 5462 7095 
4 1987 3845 5164 9220 
4 2749 4722 8570 9747 
4 3997 4496 4656 5590 
4 376 607 4951 6419 
4 611 4196 7911 7994 
4 2243 2741 7661 8044 
3 3255 4284 5622 
4 2947 4960 8658 9504 
4 2090 4331 7148 7972 
4 7155 7170 9856 9936 
4 1205 1249 4089 9438 
4 2621 4534 4867 8153 
4 1202 4308 8328 9459 
4 3 213 898 4733 
4 86 5181 6972 8506 
3 4093 5631 8751 
3 4661 8835 9908 
4 43 1866 9523 9585 
4 463 7221 7425 9173 
4 4374 5155 5207 8024 
4 812 2647 4626 5136 
4 1136 3803 8129 9264 
4 3618 3841 7387 8823 
4 245 3265 5237 7839 
4 1822 8524 9158 9530 
4 508 2123 3615 6870 
4 7533 7961 8541 8768 
4 3173 5529 7372 8767 
4 789 1593 3641 4412 
4 3306 3617 6289 8330 
3 654 1197 5803 
4 435 3673 4133 6616 
4 970 1122 1340 4295 
4 55 3966 5789 9543 
4 1036 7130 8107 9968 
4 3089 8930 9794 9922 
4 3010 4228 4957 7220 
4 2698 2766 7045 7703 
4 2165 2652 5100 6185 
4 1049 5976 8801 9778 
4 6494 7076 8138 9286 
4 640 3092 3233 4572 
4 1361 2491 5548 7010 
3 3042 3563 5389 
4 1467 1535 6133 7286 
4 2006 6424 9382 9419 
3 530 2060 4711 
4 2462 6952 8026 9089 
3 3655 3945 6436 
4 3511 6747 7608 7683 
4 790 1210 4155 7659 
4 1090 1860 6731 9269 
4 541 1883 5717 9274 
4 5813 6123 7430 9554 
4 3014 3337 5815 6350 
4 1827 5461 6796 9822 
4 2381 6357 7984 8947 
4 1260 2453 3649 4727 
4 4379 4394 5250 5970 
4 1840 7296 8031 8874 
4 1073 1965 6553 7654 
4 2956 5280 8242 8924 
4 983 1819 5050 8322 
4 2343 6193 6517 8326 
4 1371 2178 9106 9161 
4 156 2955 3648 8808 
4 1427 3905 5115 7761 
4 1664 3485 6769 6804 
4 2238 7150 9528 9971 
4 3830 6273 6853 7729 
4 523 1383 8348 9085 
4 619 2985 2988 9843 
3 3944 4352 9024 
4 3840 7281 8684 9207 
4 2930 7412 9124 9155 
4 450 1502 4635 8019 
4 1378 1404 2585 3888 
3 968 7862 8810 
4 269 1998 4792 4818 
4 1568 5752 6120 9838 
4 545 1888 4355 8597 
4 4608 5854 6245 9062 
4 1912 2841 4066 9604 
4 332 7909 8651 9626 
4 240 1810 8436 9761 
4 10 3229 3432 5443 
4 1533 3929 8003 9534 
4 1129 3522 3561 8293 
4 290 4388 9047 9718 
4 2789 3297 4577 9952 
4 1450 5863 6008 9699 
4 645 1743 6763 9474 
4 2514 6938 7542 9733 
4 639 5170 5492 6152 
4 800 2783 4011 5378 
4 858 2428 3669 4990 
4 2112 3262 4315 9962 
4 264 6055 7624 7803 
4 378 4610 8258 8375 
3 4074 8567 9667 
4 1234 3760 7785 9244 
4 2127 3875 4986 8950 
4 168 487 2105 7536 
4 3691 3985 4664 6353 
4 1722 4293 7090 7584 
4 1768 3486 3877 6827 
3 703 3757 5710 
4 1624 1847 8865 9237 
4 238 977 2592 9241 
4 3248 3933 4187 4555 
4 2172 4079 6206 9134 
4 329 471 6328 8163 
3 1152 4703 6742 
4 3031 5458 6580 9617 
4 1523 5610 6516 8600 
4 2028 3873 8241 9549 
3 1236 2571 4861 
4 2016 5728 6294 6540 
4 186 1767 2632 4958 
4 4565 5834 7545 8909 
4 2352 5733 5848 8056 
4 307 511 9434 9471 
4 1056 5412 6744 8907 
4 4731 6203 6868 9092 
4 2565 4099 5099 5245 
4 204 687 7484 9083 
4 2707 7103 9229 9721 
4 3274 3892 4660 5615 
4 1257 3083 5379 7768 
4 32 2754 4975 6306 
4 263 3512 5007 6198 
4 60 2881 4434 5205 
4 2147 4156 8233 9799 
4 214 1538 5939 8247 
4 2646 2907 7824 8607 
4 4948 6148 8900 8965 
3 4637 5884 7153 
4 1273 2190 3728 9637 
4 154 1683 3853 5118 
4 393 2417 5718 8677 
4 990 2999 7236 7828 
3 1154 7079 8277 
4 6914 6960 8876 9985 
4 1504 2527 6010 6450 
4 2089 5721 8203 8650 
4 4870 5730 7870 8869 
4 2668 3407 4906 8990 
4 937 1100 5297 8267 
4 1256 3184 4757 9576 
4 4871 7205 8093 9907 
4 4203 6064 7149 9880 
4 2091 3793 4065 8168 
4 546 1587 5793 6380 
4 211 2382 4138 4767 
4 1720 8165 8596 9276 
4 1654 4215 4716 7826 
4 335 960 1475 6800 
4 2349 4965 6232 7374 
4 4078 4611 5776 8632 
4 730 2837 5151 5405 
4 4283 6848 8679 9359 
4 1836 3773 6726 9475 
4 3694 7382 7622 8862 
4 328 1788 2799 6566 
4 1574 6266 6831 7943 
4 597 2811 4211 5430 
4 2809 3483 6467 8859 
4 1181 3824 4126 7047 
4 8057 8683 9265 9892 
3 923 1922 8923 
3 909 1483 4375 
4 2990 3275 8346 8647 
4 2718 2959 4179 8087 
3 1426 4640 4946 
4 1228 2852 4038 6557 
4 2566 4643 4857 9065 
3 3271 4052 5056 
3 4282 6680 7037 
3 4690 6522 8302 
3 2732 4992 9684 
2 4696 7215 
3 56 893 7724 
3 4296 6778 9545 
3 2927 3828 7632 
3 6003 6451 8494 
3 3508 3950 6299 
3 1209 5820 8915 
3 4549 6297 9415 
3 456 3636 9363 
3 1948 7995 9855 
3 2899 4511 9271 
3 1825 4482 9456 
3 3564 8779 9036 
3 706 4134 9086 
3 1837 2689 7238 
3 2669 8136 9580 
3 620 900 2297 
3 1308 8986 9464 
3 5563 8454 8894 
3 2466 8134 9820 
3 2535 3879 8648 
3 3322 6956 7559 
3 5191 7332 8172 
3 1512 1656 7218 
3 2142 6526 7934 
3 489 3822 7018 
3 206 6111 9010 
3 182 6890 7920 
3 2300 3440 6939 
3 2702 3664 5896 
3 1494 6320 6971 
3 1723 2776 7158 
3 1708 3060 8507 
3 1749 3235 3891 
3 1834 6076 6777 
3 2307 6389 9223 
3 745 1200 6261 
3 4953 5178 6326 
3 1409 3692 7105 
3 3885 6012 7890 
3 2407 3882 4630 
3 256 4469 7689 
3 4286 6415 7426 
3 1642 2309 5756 
3 5216 5908 9365 
3 1800 5161 5922 
3 2215 2525 3496 
3 431 885 6102 
3 2912 7667 8299 
3 1032 7204 9031 
3 3983 4357 7789 
3 1670 4865 5808 
3 4351 5362 5903 
3 834 1886 7194 
3 1167 2242 7594 
3 1542 5839 7753 
3 1740 3786 4663 
3 1648 4319 9896 
3 6444 6483 8029 
3 1172 4559 6705 
3 3969 8866 9321 
3 1639 4000 4200 
3 6578 6802 7499 
3 3559 3808 7106 
3 6817 7362 7740 
3 4537 6993 8032 
3 793 4046 5157 
3 2102 3214 6457 
3 4173 5285 7385 
3 171 5198 5666 
3 188 1178 1540 
3 1750 3679 5017 
3 83 8043 8863 
3 711 2538 9575 
3 6078 6425 7344 
3 3308 7206 9547 
3 346 1318 9752 
2 1673 1889 
3 5457 9593 9741 
3 4989 6034 9555 
3 735 2400 4263 
3 4859 4876 5523 
3 404 1161 6208 
2 464 9361 
3 1610 5476 6156 
3 2108 2862 6331 
3 4075 4367 5255 
3 1212 2836 9486 
3 2486 3478 5860 
3 244 5074 8035 
3 6565 8292 9779 
3 148 916 3718 
3 500 4717 5549 
3 7278 7881 9719 
3 634 1665 9380 
3 2484 4148 7663 
3 40 4491 6366 
3 797 4007 7877 
3 2801 3906 9755 
3 12 1923 2685 
3 2835 5536 5899 
3 2705 4708 6968 
3 1874 3590 6466 
3 4706 7671 8582 
3 3075 3695 9895 
3 53 7490 9879 
3 3011 6620 8517 
3 3491 7391 7467 
3 1876 4773 6843 
3 1835 1856 3095 
3 3558 8123 9313 
3 2388 4798 7656 
3 6479 8139 9094 
3 3299 5035 7015 
3 4088 9458 9935 
3 6678 8487 9803 
3 4149 6925 8325 
3 7954 8333 9056 
3 2804 8713 8919 
3 801 4339 8425 
3 2144 3104 9911 
3 2444 4678 6384 
3 462 465 3878 
3 5901 7895 8599 
3 2877 5496 8653 
3 17 5881 8379 
3 380 5418 7727 
3 315 6155 6367 
3 5314 5341 9014 
3 3381 3736 4442 
3 512 3276 5111 
3 1570 4091 9068 
3 1590 2911 5547 
3 2457 9478 9769 
3 85 1047 2688 
3 358 3169 8440 
3 5954 6342 6937 
3 1979 4193 5082 
3 4714 8727 9368 
3 322 5986 8466 
3 1646 5897 7510 
3 1636 1935 7821 
3 598 7318 7791 
3 1694 4188 4596 
3 2074 3339 9234 
3 5994 6037 9849 
3 6192 6253 7878 
3 3107 5812 8017 
3 6713 6741 7229 
3 3020 5040 8142 
3 4254 4521 7127 
3 359 6697 8903 
3 635 2389 2805 
3 622 1505 9717 
3 149 1023 8064 
3 4699 5885 7759 
3 28 7742 8996 
3 76 1012 8556 
2 5487 8432 
3 4489 7646 8833 
3 2137 2694 3127 
3 2254 4645 8714 
3 2320 6213 8940 
3 3161 9022 9891 
3 2463 6651 8571 
3 1058 6724 9114 
3 2020 7898 9070 
3 3422 6441 9606 
3 2062 4649 8791 
3 441 5566 7613 
3 37 4299 6188 
3 3557 5268 7186 
3 3550 7696 8568 
3 689 1980 5611 
3 2977 5173 7875 
3 3473 5233 7329 
2 767 5336 
3 372 737 6233 
3 3188 5252 6803 
3 2106 2393 8602 
3 6022 6506 9679 
3 602 2169 3082 
2 8750 8908 
3 2887 6662 7429 
3 430 2159 5265 
3 94 5902 8646 
3 8698 9016 9043 
3 4845 6531 9390 
3 5086 7440 7944 
3 1809 4389 6498 
3 982 1288 7386 
3 507 827 1884 
3 174 1237 8734 
3 3531 5513 8288 
2 1714 8215 
3 87 7835 9499 
3 1430 6824 9945 
3 4742 9316 9507 
3 4650 6585 7371 
3 2134 2376 8766 
3 2198 6264 6371 
3 2167 4777 7809 
3 150 1932 7692 
2 4478 8183 
3 1959 4392 5471 
3 613 5489 6160 
3 1571 5199 5472 
3 8212 8864 9423 
3 4771 6157 9181 
3 192 2220 8150 
3 3129 3680 8898 
3 412 825 7752 
3 3665 4335 4783 
3 2260 6149 7434 
3 1020 1586 9748 
3 4595 6223 7361 
3 4823 6110 8640 
3 123 1609 9724 
3 2191 3141 3806 
3 1774 6334 7990 
3 2660 4627 9656 
3 6097 6920 7407 
3 837 1140 4841 
3 478 955 6473 
3 4856 7213 7888 
3 97 3797 4363 
3 5278 6290 7404 
3 2495 3865 4671 
3 151 2798 5723 
2 5574 9426 
3 1678 7340 8176 
3 2232 3683 7319 
3 2065 6446 7139 
3 8410 8423 8617 
3 4724 7315 9168 
3 1015 3951 8778 
3 1761 2829 8456 
3 457 1507 4535 
3 3799 6844 6984 
3 1652 7279 8264 
3 1668 2520 7176 
3 2442 4522 7694 
3 6340 6471 9028 
3 1569 6210 8381 
3 1471 4774 6511 
3 2570 7800 8643 
3 480 2713 3177 
3 3670 6197 6514 
3 278 5192 8068 
3 2480 6448 9978 
3 2368 2872 5037 
3 896 3411 6676 
3 2237 7074 9573 
3 6711 8383 9958 
3 1113 2874 9407 
3 6696 7419 9852 
3 234 860 5158 
3 2516 4372 8464 
3 4206 5260 7653 
3 3924 4208 5963 
3 2261 3428 9490 
3 2983 3991 5699 
3 210 1299 7123 
3 325 1755 9201 
3 1021 2059 9941 
3 292 8336 8732 
3 1952 6202 7829 
3 1027 3513 8861 
3 4403 4858 8828 
3 1461 5505 5584 
2 146 3749 
3 739 8316 8633 
3 2241 3764 3839 
3 3375 4592 9384 
3 4704 5449 7321 
3 3698 4532 5763 
3 1994 5267 8977 
3 2488 5533 7394 
3 1043 5371 8231 
3 196 4994 9703 
3 1306 1422 1961 
3 2937 5551 8663 
3 1332 3610 9768 
3 1462 1484 9825 
3 725 3474 6146 
2 760 1270 
3 1650 5401 7743 
3 959 2601 6398 
3 3798 7600 9446 
3 1118 3595 4450 
3 7036 9072 9788 
3 2506 7263 7778 
3 164 2864 8824 
2 1806 6309 
3 1848 5051 5657 
3 1930 9042 9413 
3 2333 3582 4103 
3 726 1347 9821 
3 643 804 4376 
3 439 4639 8660 
3 2716 7017 8238 
3 2605 5544 6576 
3 2854 3746 5093 
3 928 6583 9143 
3 33 5019 7721 
3 137 5092 5208 
3 5190 8146 9730 
3 5676 9577 9957 
3 2769 4689 9582 
3 2917 4164 9450 
3 1489 6231 8143 
3 2328 9091 9993 
3 4675 9578 9659 
3 124 4578 5550 
3 835 2773 9920 
3 5714 6121 9282 
3 3536 5175 6857 
3 2138 7384 8137 
3 2629 3724 9162 
3 1087 5380 8519 
3 5044 6053 9814 
3 477 1377 8006 
3 6293 7356 7951 
3 1080 3789 5535 
3 5325 6167 6315 
2 7274 8659 
3 4030 4470 7633 
3 4653 7255 9792 
3 4588 5189 5422 
3 1534 2205 6560 
3 3812 5693 6215 
3 300 7818 8934 
3 823 6915 7216 
3 1488 6811 9634 
3 6052 6430 9145 
3 720 1220 6396 
3 4622 6180 8967 
3 4002 4452 6407 
3 139 3860 4926 
3 3318 4440 9714 
3 57 651 9319 
3 1106 6492 9901 
3 4879 7365 7652 
3 170 2210 4057 
3 3116 4069 8609 
3 3225 4646 5865 
3 4427 4877 8311 
3 3516 4591 5187 
3 4898 6352 6674 
2 2924 6761 
3 2055 3328 9870 
3 978 5368 9844 
3 5426 6990 7697 
3 949 1250 5460 
3 4918 7116 8560 
3 1137 3208 4325 
3 4514 5097 7770 
3 3344 8715 9735 
3 608 5410 7812 
3 3021 3651 5085 
3 2461 8015 9836 
2 846 6463 
3 590 4891 4904 
3 1765 5838 9006 
3 3515 5719 6814 
3 225 3324 9073 
3 6529 7868 9075 
3 1022 3518 8951 
3 3124 4298 7230 
2 136 8239 
3 5556 5794 7252 
3 6017 7298 7546 
3 5064 9328 9674 
3 1407 5441 8206 
3 7121 7669 8491 
3 2663 4439 7349 
3 3503 5446 9995 
3 3133 3794 6332 
3 568 1688 6161 
3 172 454 6569 
3 6835 8144 8413 
3 2292 6637 7731 
3 3838 4301 8654 
3 2226 3109 8235 
3 2402 7243 8305 
3 5480 6075 7734 
3 247 4054 4502 
3 1516 4314 9963 
3 3006 7237 7251 
2 385 7758 
3 1259 4732 8537 
3 514 2367 7473 
3 3424 3541 9976 
3 531 6115 9550 
3 2522 6490 7134 
3 3416 4506 8554 
3 4632 6681 8314 
3 1480 4723 7695 
3 1452 3509 6973 
3 1382 4806 6809 
3 459 4277 9987 
3 2019 2903 5370 
3 1208 6864 9084 
3 4407 4553 5122 
3 2775 3355 6393 
3 414 840 2052 
3 0 7097 8388 
3 6472 8027 8815 
3 1194 7666 9226 
3 554 4048 4245 
3 816 4248 9294 
3 1381 6659 8936 
3 1002 7554 7713 
3 1536 7642 8539 
3 2490 3893 6387 
3 313 6258 9100 
3 1254 6421 7043 
3 3364 4507 9332 
3 3332 9097 9496 
3 591 5725 9222 
3 4230 5069 9453 
3 2086 3053 4662 
3 1453 2725 7971 
3 1953 3992 4880 
3 3927 7138 9650 
3 316 3926 8065 
3 6248 7631 8088 
3 444 2357 3412 
3 1369 3973 9687 
3 1192 1478 7457 
3 2334 2786 9988 
3 5395 5442 8897 
3 4892 7239 8543 
3 5832 7395 9929 
3 644 3330 4942 
3 355 894 4979 
3 906 3334 4546 
3 6088 6770 9135 
3 2304 6752 7852 
3 291 6600 8696 
3 3748 4435 6932 
3 693 1275 5950 
3 133 5235 8886 
3 3947 4359 7805 
3 4562 4969 8141 
3 2633 4399 6184 
2 3502 9122 
2 405 5606 
2 2289 3352 
2 3761 9977 
2 2303 2467 
2 2582 4323 
2 4217 8578 
2 7674 8740 
2 6849 7022 
2 5316 7249 
2 4855 9961 
2 3145 6700 
2 348 7662 
2 2530 8931 
2 6834 9215 
2 131 5177 
2 4387 7581 
2 1276 7413 
2 8584 9613 
2 2892 3681 
2 199 1157 
2 6612 9633 
2 2432 9035 
2 236 4691 
2 6631 8196 
2 1199 9711 
2 1321 3567 
2 2529 3553 
2 756 7906 
2 5020 9172 
2 2356 6311 
2 2889 9096 
2 5338 8629 
2 1165 3721 
2 183 2264 
2 2898 4143 
2 30 8667 
2 708 4285 
2 270 7233 
2 5856 8675 
2 1661 2875 
2 2384 2398 
2 4456 8960 
2 1751 9680 
2 356 7924 
2 3038 4031 
2 153 5944 
2 2722 7410 
2 5920 8975 
2 2951 6417 
2 2025 8978 
2 163 4801 
2 3125 6794 
2 5771 7744 
2 4300 9583 
2 7094 7427 
2 1296 3353 
2 7640 9535 
2 6291 8222 
2 1616 9009 
2 953 9431 
2 1527 2386 
2 4047 9524 
2 4290 9526 
2 2451 9767 
2 2337 7556 
2 7547 8276 
2 343 9149 
2 252 9187 
2 1598 5926 
2 424 6574 
2 1653 9538 
2 9051 9326 
2 1744 8104 
2 868 8525 
2 6137 7307 
2 6344 6596 
2 6725 9810 
2 930 8756 
2 1983 9227 
2 45 9519 
2 3205 6175 
2 4451 6301 
2 1939 8114 
2 1177 7917 
2 2568 5467 
2 5294 8729 
2 1062 7970 
2 757 4694 
2 6885 9594 
2 3862 6958 
2 3105 8500 
2 1627 5731 
2 2024 3645 
2 4839 9323 
2 16 6671 
2 3744 4176 
2 4787 5641 
2 3817 9280 
2 4766 7275 
2 7190 9877 
2 5 5517 
2 1546 3972 
2 4922 9564 
2 1622 3939 
2 1640 6388 
2 1553 4144 
2 4092 7488 
2 3581 5558 
2 1595 8052 
2 5200 6520 
2 2390 4910 
2 6452 7333 
2 1951 5800 
2 4328 4736 
2 8028 9003 
2 3246 3402 
2 2051 8938 
2 5032 5724 
2 2683 4882 
2 1679 2661 
2 5530 5929 
2 6429 9192 
2 3347 4255 
2 6243 6438 
2 1184 4016 
2 2859 3199 
2 6500 9198 
2 550 5872 
2 8770 9670 
2 2278 2567 
2 5253 6275 
2 649 7320 
2 753 3743 
2 3186 7197 
2 3386 4136 
2 4400 7973 
2 3174 8401 
2 7634 9314 
2 3313 6563 
2 7423 8098 
2 118 3747 
2 207 3654 
2 4279 9156 
2 1469 9137 
2 6095 7991 
2 78 1700 
2 2883 5804 
2 1699 8853 
2 8263 9754 
2 3657 8716 
2 2227 3788 
2 6963 7223 
2 3146 7907 
2 1130 3712 
2 4246 7693 
2 2578 7573 
2 3312 8067 
2 2762 7564 
2 5751 6690 
2 2329 3059 
2 1082 7471 
2 2422 5483 
2 502 8728 
2 8289 8941 
2 4613 5831 
2 7397 8615 
2 7509 9990 
2 1514 6478 
2 2057 4529 
2 6719 8012 
2 2425 5106 
2 5844 9342 
2 4747 5811 
2 8310 9394 
2 1807 9233 
2 365 2715 
2 8987 9603 
2 1892 2472 
2 1867 7003 
2 221 2298 
2 230 2412 
2 740 3784 
2 3431 8486 
2 5355 5822 
2 293 5840 
2 6358 7966 
2 3058 4796 
2 5829 8420 
2 268 7799 
2 3902 5266 
2 1563 9846 
2 2731 4428 
2 3123 8282 
2 1339 6581 
2 229 2781 
2 863 3261 
2 2891 7813 
2 6693 7786 
2 2013 9868 
2 3949 5573 
2 865 9785 
2 5511 7602 
2 4479 6265 
2 3413 3521 
2 3216 3401 
2 24 6917 
2 1266 3482 
2 3212 5828 
2 1074 6244 
2 2410 7889 
2 4249 9745 
2 2399 2884 
2 1201 2163 
2 5059 7248 
2 3361 8572 
2 886 9830 
2 6480 8642 
2 6903 7959 
2 7289 9910 
2 3759 6051 
2 3280 4832 
2 4810 9737 
2 1196 7684 
2 1978 2730 
2 3389 5577 
2 6130 7441 
2 34 6497 
2 2591 6023 
2 112 9210 
2 1495 3004 
2 2987 6630 
2 1618 1942 
2 3158 6127 
2 4465 4544 
2 5663 8573 
2 9060 9635 
2 2418 5026 
2 1669 2136 
2 9272 9775 
2 1728 5850 
2 413 9660 
2 4358 6510 
2 1781 3690 
2 3147 3425 
2 1532 2610 
2 1841 8955 
2 7849 8455 
2 8089 8272 
2 2030 3371 
2 682 8877 
2 579 5343 
2 901 4679 
2 4488 6720 
2 7491 7553 
2 562 9931 
2 7247 9807 
2 115 6541 
2 610 8508 
2 5313 7815 
2 8353 9521 
2 22 3578 
2 7931 9230 
2 728 5972 
2 1496 8166 
2 4504 5778 
2 6246 7486 
2 415 9406 
2 193 417 
2 814 7795 
2 2101 6904 
2 4972 8665 
2 3843 4943 
2 2311 7177 
2 6606 8753 
2 1685 8034 
2 4094 6199 
2 20 338 
2 5727 5959 
2 152 888 
2 6669 9609 
2 5882 9498 
2 2318 9595 
2 8822 9744 
2 677 7424 
2 2201 7400 
2 4251 4746 
2 615 9536 
2 1131 8021 
2 3600 6648 
2 3635 6002 
2 2405 8393 
2 2164 2335 
2 4713 7228 
2 3466 7980 
2 2550 6077 
2 6812 9225 
2 5329 7925 
2 2179 9636 
2 6922 8757 
2 402 4175 
2 7963 9861 
2 3580 7544 
2 5397 7075 
2 185 2022 
2 6739 7172 
2 5598 7820 
2 1105 2234 
2 1869 5424 
2 4202 8185 
2 2470 9209 
2 8473 8918 
2 173 2946 
2 2634 3819 
2 1227 8340 
2 741 4501 
2 5682 7418 
2 1878 8472 
2 782 6035 
2 4453 9624 
2 2068 4833 
2 7957 7962 
2 2207 3467 
2 5328 8160 
2 8251 9338 
2 144 7557 
2 7514 8382 
2 3504 6692 
2 2143 6222 
2 2996 9887 
2 5104 6158 
2 5702 6962 
2 1188 4163 
2 1517 8952 
2 6304 9502 
2 4226 5234 
2 6897 9560 
2 1029 7682 
2 7014 9007 
2 4116 8717 
2 1133 5599 
2 473 3189 
2 279 3099 
2 3628 4564 
2 4651 8201 
2 8970 9400 
2 89 5979 
2 6852 8474 
2 217 419 
2 516 2110 
2 4987 6699 
2 4174 6727 
2 5345 8981 
2 5980 8638 
2 3227 9488 
2 1284 9860 
2 1424 8108 
2 1230 4789 
2 4804 7899 
2 2268 6428 
2 483 8535 
2 3445 6921 
2 3396 7264 
2 1350 5254 
2 6590 9284 
2 4224 8870 
2 9329 9948 
2 288 1006 
2 3717 6189 
2 93 2324 
2 4447 8613 
2 7741 9140 
2 3783 9644 
2 6414 8821 
2 5304 7586 
2 3935 6177 
2 1316 4312 
2 2464 5246 
2 3911 9357 
2 4441 6766 
2 1127 1549 
2 5377 8498 
2 1099 7992 
2 7664 9885 
2 1732 3821 
2 3727 5833 
2 5769 8309 
2 2435 5594 
2 1594 3263 
2 1612 9551 
2 7132 9362 
2 5481 7110 
2 159 558 
2 2824 9954 
2 2326 8321 
2 2564 2711 
2 3115 8994 
2 249 8177 
2 1102 1865 
2 101 3965 
2 7501 8380 
2 3807 5951 
2 1479 2498 
2 1992 4791 
2 1279 5782 
2 2537 6828 
2 1937 7903 
2 5132 8049 
2 3286 7565 
2 2271 9491 
2 3403 3956 
2 2671 3057 
2 2128 4982 
2 3539 6000 
2 3178 9204 
2 1986 6257 
2 81 227 
2 4523 4554 
2 219 4973 
2 2173 2929 
2 287 3469 
2 4602 5146 
2 1606 4672 
2 1501 6254 
2 4628 8546 
2 575 4669 
2 5539 6068 
2 5658 7096 
2 3930 7453 
2 2579 6714 
2 2166 8268 
2 9002 9770 
2 6141 8409 
2 5814 9346 
2 4929 7019 
2 347 2508 
2 1135 1638 
2 3281 6644 
2 4950 9148 
2 776 9260 
2 4107 5429 
2 1075 6513 
2 157 4369 
2 3327 9312 
2 3620 4172 
2 8229 8361 
2 4980 7140 
2 6031 9152 
2 2531 6224 
2 899 8002 
2 6085 8365 
2 304 1191 
2 3936 6604 
2 1221 6242 
2 1065 3584 
2 4260 8731 
2 5281 6405 
2 2827 6434 
2 5327 9557 
2 1086 1485 
2 2294 7578 
2 2153 4726 
2 3444 5171 
2 7087 9311 
2 5183 6391 
2 1731 4822 
2 3917 8635 
2 3194 4398 
2 1187 3782 
2 1401 7117 
2 669 8000 
2 3307 7665 
2 691 7965 
2 1635 8502 
2 9556 9749 
2 3523 7309 
2 2206 4538 
2 111 958 
2 668 9126 
2 4425 8061 
2 4981 5428 
