163
2 157 252
2 300 455
2 190 297
2 286 323
2 197 352
2 93 188
2 28 178
2 378 423
2 33 376
2 193 441
2 14 329
2 35 414
2 91 369
2 97 295
2 52 279
2 256 330
2 70 165
2 189 319
2 12 452
2 47 383
2 333 354
2 164 196
2 420 492
2 299 322
2 326 478
2 249 482
2 315 454
2 306 421
2 113 156
2 1 231
2 21 371
2 72 358
2 240 443
2 17 166
2 337 451
2 86 498
2 7 462
2 175 495
2 212 334
2 410 484
2 266 301
2 147 182
2 213 463
2 154 409
2 11 141
2 111 486
2 120 219
3 362 405 448
3 139 170 364
3 64 89 318
3 158 298 311
3 24 221 472
3 48 71 73
3 210 225 473
3 109 350 438
3 20 356 499
3 264 269 292
3 25 38 387
3 18 192 234
3 65 177 310
3 155 218 475
3 126 261 445
3 185 277 434
3 320 336 474
3 0 180 284
3 5 351 385
3 95 187 433
3 208 360 396
3 31 271 397
3 108 136 236
4 199 339 347 392
4 69 121 181 285
4 61 85 324 459
4 258 273 374 403
4 9 15 128 439
4 6 137 242 429
4 34 159 391 464
4 288 427 449 490
4 105 114 115 430
4 23 214 245 328
4 30 367 422 437
4 3 348 431 461
4 117 123 268 442
4 32 90 276 283
4 27 230 282 384
3 19 59 162
3 60 302 412
3 278 353 407
3 13 400 424
4 55 149 274 440
4 131 375 394 399
4 10 153 163 389
4 8 36 207 467
4 203 209 444 497
4 41 107 363 447
4 99 116 235 419
4 152 294 377 388
4 201 204 259 345
4 79 119 195 373
4 124 148 263 435
4 237 244 289 468
4 78 104 151 251
4 66 132 144 359
4 101 206 395 401
4 198 341 382 390
4 46 53 81 460
4 22 45 280 372
4 92 304 314 325
4 40 77 174 267
4 80 200 332 366
4 26 56 129 370
4 16 44 233 466
4 29 76 172 450
4 54 112 220 361
4 191 247 411 446
4 100 106 365 415
4 160 217 226 494
3 138 186 425
4 145 379 453 485
4 183 194 290 307
4 50 57 179 470
4 308 381 418 432
4 68 254 293 368
4 169 171 250 469
4 98 102 480 483
4 211 316 402 493
4 51 143 327 413
4 110 349 404 408
4 39 134 357 491
4 122 173 471 479
4 49 228 262 489
4 150 275 416 465
4 146 253 257 476
4 161 205 222 296
4 63 168 229 243
3 281 343 344
3 130 239 303
3 88 340 488
3 43 255 260
3 223 386 496
3 118 125 202
3 215 232 406
3 37 58 241
3 75 142 224
3 94 135 393
3 62 103 246
3 74 313 456
3 82 84 355
3 133 417 481
3 87 380 477
3 67 321 346
3 2 291 335
3 272 309 338
3 270 317 458
3 42 140 428
3 83 167 487
3 4 248 342
3 96 312 331
3 227 265 287
3 127 176 426
3 184 238 305
2 216 436
2 398 457