1628
4 59 1418 6735 7710
4 864 3509 5121 8754
4 5592 7064 8591 8785
4 1882 5357 5600 7923
4 398 7579 8148 9121
4 7543 8197 9748 9906
4 1646 5913 7792 7796
4 421 2722 5744 9383
4 2061 2064 2395 8777
4 488 3656 5796 6404
4 842 2094 2589 7095
4 453 1524 9487 9684
4 1737 3697 7208 8652
4 2489 3715 4016 6632
4 1332 3629 4041 4925
4 4957 5060 7529 9004
4 2861 7101 9263 9295
4 5583 5602 6823 9155
4 3987 4571 7262 8250
4 676 973 1492 8775
4 1248 5791 9111 9765
4 820 2499 8437 9222
4 4036 4638 6584 8179
3 1729 3176 4386
4 2124 2155 6193 8407
4 4057 4284 5042 6255
4 4983 5905 6655 6866
4 1788 5231 7880 8452
4 847 998 6038 9062
4 586 6052 8873 9483
4 674 2274 8079 9131
4 568 6762 7704 7825
4 62 2123 4644 8284
4 2944 4100 5721 7444
4 1519 1756 5515 5731
4 4449 5850 9129 9529
4 604 6459 7494 9105
4 5651 6170 7819 9525
4 60 370 5982 9888
3 2345 6312 6613
4 638 1385 4579 9612
4 2222 7536 7953 8479
4 3647 5886 7549 8269
4 3463 4516 6577 7569
3 2584 3942 7198
4 4951 5989 6495 8837
4 4043 4147 4917 9818
4 6240 6457 7525 8189
4 413 1561 3904 7927
4 3730 5845 8733 9267
4 1004 3309 4244 9894
4 3905 4574 4695 7210
3 4848 6639 9813
4 3295 3792 3825 6680
4 2060 4194 7451 7834
4 2207 2843 4655 6668
4 3271 4322 7757 9618
4 5570 8186 8636 9511
4 5251 6245 8585 8689
4 4233 4670 5443 7595
4 379 1081 1396 3024
4 2141 2985 5090 9063
4 2652 2982 6467 9247
4 2475 3950 5052 8767
4 2686 3259 4631 6839
4 682 5416 9354 9722
4 631 2148 5918 8603
4 1287 1976 3379 4509
3 2117 3626 8814
4 1944 3015 4318 4374
4 461 1214 1965 4139
4 443 6913 7945 8626
4 362 684 5616 5625
4 3499 4874 5157 5427
4 2836 3795 4102 8854
4 3457 3997 6677 9305
4 2045 3012 3420 6640
4 532 3475 5720 7168
4 110 1146 6147 8348
4 1178 1423 2008 7726
4 381 683 2096 8608
4 403 3757 8287 9283
4 916 2736 5363 8332
4 44 6690 7715 8004
4 1071 1522 1677 4151
4 2329 4702 5492 9213
4 171 714 1115 6171
4 774 4961 9092 9959
4 2106 3142 3337 3505
4 2196 2213 8199 8338
4 2212 3008 3678 7577
4 1851 2070 7540 8578
4 371 1556 4064 9713
4 132 4696 6756 6981
4 4092 7259 7415 9620
4 2535 2642 3096 7516
4 87 3484 3583 4090
4 752 4079 4916 8253
4 839 2459 7100 8983
4 3576 5083 6476 7313
4 1724 2932 3844 4859
4 4004 4167 4370 4473
4 2548 2749 3376 9243
4 178 2331 6144 8320
4 520 3149 4863 9583
4 3135 5902 7108 7919
4 1001 1508 8485 8911
4 2687 3842 5006 9407
4 2298 2727 9128 9614
4 2545 6528 9490 9965
4 2246 4886 6578 7613
4 1946 2080 3037 7136
4 778 3618 4964 7083
4 1734 7368 9528 9602
4 2962 3002 5046 6359
4 1359 5962 7290 8010
4 281 1704 6666 7863
4 666 1254 3293 7515
4 2747 3114 3273 8058
4 1221 7135 7939 8745
4 3196 7316 8392 9695
4 270 1636 2723 5001
4 1720 2752 3155 8625
4 2228 4557 5609 7725
4 1114 2814 5074 7629
4 6302 6935 8612 8639
4 4074 4131 6198 9539
4 723 2571 7308 8375
4 1094 2920 5383 6415
4 565 836 2964 7409
4 636 5211 5533 5652
4 2023 3272 9307 9631
4 2968 4867 5919 6477
4 1988 3708 6107 9730
4 1912 2308 3357 3896
4 1742 4717 4995 6547
4 463 1013 7961 9173
4 7 2935 5266 8193
4 1233 3526 3632 6042
4 6638 7074 7643 7936
4 56 5494 8063 9732
4 4230 5295 5772 9585
4 818 5458 7359 8119
4 850 976 6003 9568
4 103 336 1930 7202
4 766 6782 7447 9820
4 2922 4170 5544 7896
4 384 3302 3547 6050
4 1450 1552 1568 6273
4 1357 1830 2912 3775
4 3655 5101 5156 7934
4 1671 9569 9797 9866
4 1765 1817 6196 9365
4 1388 2598 3126 3921
4 1713 4592 7231 8138
4 3248 8641 9398 9986
4 936 4467 6558 8751
4 4106 4978 6176 7008
4 948 3789 4367 9552
4 2718 3840 7700 9966
4 82 2819 4578 8056
4 49 385 1934 8527
4 1210 1364 5683 6927
4 4076 4637 7778 7944
4 7703 8183 8616 9106
4 278 2716 8991 8997
4 47 1562 5174 6381
4 780 3062 6012 7937
4 962 2558 5378 6430
3 2795 5526 8240
4 4480 8750 8865 9196
4 4390 5606 7673 8152
4 1955 4235 5442 5904
4 4405 4619 4959 9603
4 2628 4031 8701 9019
4 3356 3765 7489 9637
4 1101 5548 5909 8702
4 687 4559 7369 8204
4 2481 4286 6133 9256
4 3203 3686 5172 9542
4 1491 2728 7130 8224
4 1433 3869 5163 8894
4 3607 5457 8116 9464
4 245 1383 5250 6882
4 2296 4430 6580 8286
4 1430 6168 8563 9629
4 1050 7026 8851 9459
4 1767 7166 8115 9048
4 11 8506 9252 9952
4 2115 3542 6432 6567
4 2293 6396 7583 7618
4 2585 3689 5346 7950
4 2259 6028 6498 9873
4 3608 4406 6320 8242
4 120 4774 8895 9433
4 3375 5048 6228 7920
4 9 1203 2059 6377
4 373 4657 9182 9325
4 876 1010 2009 2999
4 709 1861 6571 9250
4 3443 3561 6220 6702
4 18 4475 5539 7201
4 1369 5945 7145 9776
4 1231 3214 5713 9183
4 63 2050 5931 8614
4 139 3257 4490 5553
4 530 6123 7104 7824
4 2036 4115 4141 4685
4 1322 3595 4135 6649
4 1340 5209 7603 8094
4 2957 3047 5418 9419
4 915 3781 4572 7466
4 4551 7148 7305 8310
4 2089 3228 3368 6741
4 193 4150 5310 8811
4 2798 2941 4112 9265
4 313 1164 6963 7551
4 4474 6326 7851 9235
4 767 1604 1707 4808
4 1353 3593 8159 9900
4 884 1341 4871 8161
4 525 3437 7267 9675
4 4442 4788 6800 9320
4 96 1136 5899 8478
4 2267 2407 3718 3940
4 827 2456 7648 8697
4 1678 2573 6957 9576
4 483 1510 1763 5214
4 71 1895 6442 9747
4 392 1936 7911 9795
4 188 4604 5094 5653
3 2759 3566 5219
4 4561 6611 7395 8470
4 348 688 1996 8384
4 594 1253 1714 5579
4 902 4185 4990 9390
4 1260 2572 7978 8736
4 3672 5236 9119 9234
4 457 4847 5891 8834
4 2533 6550 7286 8553
4 1943 3106 6129 8537
4 3112 4573 8123 9946
4 264 717 3913 7499
4 3072 4837 9486 9719
4 999 3519 5665 7814
4 1601 6703 7385 8233
4 2185 3170 3485 3802
4 201 4134 4775 9605
4 6 5359 7647 9471
4 307 3885 7209 7545
4 1096 1564 1833 9853
4 249 1845 3167 9527
4 887 6226 7318 7875
4 727 2305 4668 7387
4 1400 7326 7752 9784
4 2169 4240 9718 9962
4 2326 6985 7445 8267
4 325 4293 8418 8803
4 2085 7330 7964 8487
4 4351 4703 6252 7384
4 328 2905 8417 9532
4 760 4259 6842 7215
4 1889 2340 8322 8559
4 846 3648 3906 5622
4 1726 3087 4352 7057
4 2802 7622 8644 9166
4 4415 5832 7922 9443
4 3042 4402 6574 7170
4 2364 3496 3889 7314
4 1609 6215 7196 8449
4 146 854 5324 7289
4 3352 4331 8601 9689
4 859 2862 2907 6844
4 3 2254 3308 8026
4 6834 7522 8524 9514
4 706 2265 5496 7119
4 750 2295 2389 8397
4 2776 8276 8509 9550
4 954 4940 7530 9158
4 898 5854 6582 7218
4 5729 6197 6777 9359
4 446 2351 8617 9072
4 2164 2342 4904 8187
4 3028 5149 5896 8849
4 296 1681 4786 5758
4 1140 4320 6351 8929
4 2828 4030 5096 7149
4 590 1476 1998 9779
4 61 1812 3845 6329
4 1711 1979 2300 7255
4 513 1209 2112 5873
4 593 6483 8022 8430
4 257 1839 2804 4208
4 2245 4550 6964 7617
4 3750 5389 7699 9545
4 2125 5476 8346 9755
4 1819 4357 4582 5056
4 4026 6384 7756 8168
4 3367 4861 5271 9806
4 1249 1523 5330 7785
4 522 2000 4731 7870
4 1085 1975 5081 5409
4 5809 7032 7862 9880
4 2323 3089 8133 8468
4 656 2766 2870 8081
4 3745 6294 9154 9546
4 1768 5530 5773 9165
4 6784 7821 9746 9917
4 1333 3944 9289 9690
4 1723 2095 6602 9741
4 1591 2172 3892 3899
4 333 2282 3239 7800
4 131 1571 4044 6742
4 835 4977 5375 8835
4 2674 4607 5518 6835
4 5777 7991 8677 9168
4 4038 4689 4912 7250
4 3229 6370 8465 8796
4 1963 2854 5627 9151
4 213 251 1587 8061
4 7439 8501 8940 9996
4 1106 5610 7212 9908
4 2579 5540 7972 9366
4 559 3253 4783 8658
4 1959 9096 9302 9921
4 198 791 1228 5155
4 3134 5864 6481 7013
4 3347 4161 7443 9942
4 737 4522 6178 8247
4 1717 7567 9269 9566
4 4498 5823 7152 8861
4 332 4381 5239 6676
4 730 1589 4137 6794
4 3451 7526 8150 8442
4 6421 9703 9778 9856
4 3258 5631 6060 8947
4 321 322 1200 2544
4 906 3422 6534 9340
4 1870 6266 8607 9344
4 1037 1406 5028 7412
4 2313 3602 6231 7464
4 1853 1951 7677 9374
4 797 6623 8297 9580
4 1621 6994 7463 7640
4 745 2353 2592 6463
4 402 1224 2647 5728
4 2243 2495 6076 8132
4 283 1427 2462 3945
4 1160 5835 9649 9886
4 1740 3782 6367 8367
4 174 2190 3870 6965
4 5131 7374 7954 8707
4 3031 3511 5007 8721
4 4521 6857 6952 8387
4 65 1372 2906 6738
4 197 3473 6097 7041
4 4202 5879 8101 9135
4 1061 1708 7230 9849
4 297 4058 4254 8915
4 5207 6428 6627 9275
4 464 2012 7155 9559
4 634 4496 4506 6342
4 407 2619 3011 3654
4 4960 6160 6444 7319
4 1049 3817 5574 6616
4 4267 6426 9382 9751
4 3728 6102 6248 9968
4 177 645 8579 8604
4 1157 2726 8786 8839
4 4527 4884 7118 7713
4 31 3104 6134 7888
4 3834 5035 5044 8964
4 2817 5471 6316 7221
4 1595 6300 7512 7659
4 471 3137 8659 9276
4 4054 4617 6769 9976
4 58 995 1453 9667
4 4099 5793 5803 8044
4 3884 4307 6537 9714
4 1378 3579 6301 9930
4 529 2469 7088 7924
4 211 3480 3830 9523
4 1787 7733 7835 8259
4 6363 7048 8650 8671
4 6473 7671 8670 9588
4 1407 1821 4477 5136
4 602 2160 5341 6673
4 290 4965 7134 8163
4 4361 4706 7524 9595
4 3991 6188 9721 9974
4 1154 1296 6313 7151
4 3508 5020 6752 8673
4 85 3004 5170 9246
4 738 2809 2877 9086
4 360 3223 8167 8466
4 2612 3120 4736 6036
4 1299 1778 5686 8200
4 3557 4720 6887 9691
4 67 2388 2649 8714
4 1205 2874 7990 8047
4 4066 5970 6824 7103
4 24 6849 6956 7759
4 875 4200 4832 7050
4 1483 3498 4766 5563
4 7175 7204 7391 8333
4 1509 2432 2536 7666
4 1668 7692 8434 9341
4 1429 4452 8027 9397
4 2565 2994 3246 4292
4 1036 1810 2927 6976
4 152 7839 8036 9896
4 931 1684 5441 8845
4 432 2952 3055 7400
4 214 3911 4600 9650
4 1673 2127 3107 9223
4 2390 4933 7981 9843
4 2091 5325 6410 8137
4 7509 7984 8003 9197
4 1220 2488 4179 5197
4 1793 3083 4879 9425
4 417 2149 2203 5733
4 300 301 4980 7079
4 1409 1856 5705 6146
4 142 3297 8932 9499
4 3278 4857 6989 7636
4 514 1820 7917 8293
4 773 3828 5981 6659
4 1174 3746 5366 8806
4 393 4870 5488 9978
4 924 5751 6451 9988
4 4340 6662 7777 9594
4 992 1484 3990 7426
4 2043 3482 6306 8637
4 1915 2368 6336 8477
4 70 2055 6557 8824
4 1344 3839 6192 9502
4 6583 6731 7177 9123
4 1321 2669 6914 9626
4 834 1948 5005 8923
4 2007 5839 8289 9078
4 1620 3544 4902 5828
4 39 654 9020 9271
4 2221 5714 8866 9852
4 628 2657 5244 6058
4 2309 5118 7823 7859
4 1512 9363 9572 9885
4 4456 5547 5732 5808
4 3540 3794 8529 9907
4 451 1570 3141 6157
4 2852 3362 5529 9376
4 4359 6256 8363 9530
4 5462 6818 7542 9350
4 540 620 2162 6873
4 145 5061 5901 7768
4 1505 2516 8037 9573
4 801 2101 4524 6419
4 1701 2538 7861 8009
4 4222 5991 7178 8237
4 970 2226 6155 6870
4 1040 1825 3895 8097
4 147 4708 7662 8722
4 164 597 1507 9848
4 1202 3808 8382 9016
4 1073 2668 4534 4727
4 2486 7219 8548 9218
4 4649 5994 7696 8336
4 3978 5308 8807 9871
4 1336 1514 4097 6296
4 1261 4491 6540 8572
4 137 793 3527 9241
4 136 1159 2490 5446
4 3914 5593 6232 9221
4 1529 1751 5785 6628
4 757 1743 3276 4611
4 541 7010 7153 9299
4 1800 6289 7424 7742
4 2367 2697 5776 6938
4 844 6479 9599 9606
4 3691 4711 5343 6733
4 5549 6747 7361 8172
4 462 8134 8239 9799
4 2705 4055 6827 8517
4 4725 6350 7206 7983
4 3092 4291 8453 9091
4 4692 7302 9519 9995
4 1116 3213 4946 8967
4 911 7734 8651 9214
4 678 4126 5756 6365
4 2509 4515 6645 8431
4 477 3791 7296 9887
4 1188 3001 3518 8299
4 689 7608 9769 9961
4 430 1735 7220 8059
4 1445 4627 6727 8516
4 1044 3912 6309 7994
4 608 1922 6110 6446
4 2683 3075 3306 5724
4 1624 1712 1827 5856
4 2193 5510 8040 9597
4 94 117 2939 4052
4 208 2240 3932 5710
4 3736 5203 6932 8318
4 3060 3704 5869 8931
4 240 2575 4407 7610
4 2924 5332 8379 8684
4 626 6137 7748 8779
4 172 1753 1884 2627
4 1883 2264 3424 3857
4 17 33 516 2879
4 1351 4419 4502 5168
4 746 1718 4469 8609
4 3516 5849 7808 8833
4 2892 3651 7003 7253
4 210 2937 7883 9984
4 2461 4975 4992 9838
4 1593 2566 4000 8954
4 289 1271 3681 4532
4 5245 6443 6648 7278
4 263 1436 1952 9507
4 2555 3531 6647 8956
4 5461 5941 7995 8454
4 1606 2400 7624 8432
4 2444 3760 4792 6205
4 2618 3877 8692 8990
4 1874 3339 8241 8900
4 1542 1888 4149 6016
4 2751 3564 4650 5948
4 5666 6352 7678 9453
4 2783 5474 7596 8160
4 4546 4565 5278 9313
4 206 4091 7123 7884
4 55 5099 6111 9761
4 1877 2953 6466 8746
4 1642 5875 6063 9192
4 877 5198 6405 9802
4 644 1876 2102 5815
4 358 3235 3573 6681
4 2602 4690 5362 7386
4 2457 7238 7899 9752
4 1546 1904 5013 6656
4 1569 3673 4093 7005
4 414 4883 7471 8715
4 6175 6531 7116 7249
4 2527 3973 8215 9414
4 2241 3947 4875 6364
4 409 1311 1747 5082
4 1750 1891 5371 8328
4 396 3553 7614 9734
4 5514 7094 8938 9124
4 32 1056 1129 5041
4 4089 7633 8006 9922
4 741 3891 6585 6605
4 8683 9651 9709 9828
4 5513 6010 7049 7363
4 480 1818 6051 6856
4 1167 1632 2590 3951
4 4400 4997 6514 8196
4 860 2260 2811 9868
4 2762 3853 4439 6675
4 2741 4187 5355 6726
4 207 708 7344 8864
4 160 1015 1179 8032
4 1487 1849 4358 5017
4 465 1117 6569 8908
4 2375 4716 5834 9879
4 1120 3674 4771 5633
4 1504 2848 7740 9280
4 1590 3924 5628 5649
4 4671 5663 6297 6953
4 1080 1347 3563 7346
4 3322 3930 5898 8342
4 1279 6757 6766 7534
4 2600 6904 7592 7956
4 252 3558 3596 5517
4 1122 2046 4823 6596
4 1847 3412 4621 9450
4 756 1648 1923 2873
4 735 7627 7971 9426
4 2081 3323 6229 8263
4 900 1814 5368 6685
4 2694 3212 6203 7993
4 2025 6264 7586 8258
4 947 3050 6353 6925
4 2887 5615 6651 8994
4 1234 1987 8153 9361
4 45 150 804 2028
4 849 5181 6366 7500
4 840 3145 3559 4335
4 2596 4858 8752 8907
4 1012 1199 1994 6291
4 195 8682 9014 9561
4 128 3677 4949 9368
3 1152 2006 8874
3 2165 7436 9429
3 4656 5503 7764
3 2484 4011 6206
3 4773 8606 8653
3 635 6389 7406
3 124 923 6017
3 1361 4298 9895
3 236 1598 6778
3 10 1276 6715
3 3567 4555 6719
3 4537 6526 7558
3 556 2707 5451
3 2903 3029 5671
3 359 648 7943
3 500 1464 7841
3 4663 8898 9094
3 2398 4798 9161
3 404 1393 8202
3 1282 4636 8828
3 2205 3022 9220
3 3226 3692 8889
3 5336 6361 8425
3 3641 3966 4989
3 4907 5939 9326
3 76 3769 7594
3 149 6984 8562
3 3694 3894 8305
3 960 2020 7727
3 1181 1840 8198
3 611 2428 6553
3 1471 3105 8035
3 86 151 7914
3 4387 5151 5860
3 534 2632 7090
3 912 7037 7194
3 7413 9418 9971
3 28 7475 9551
3 3121 4953 5086
3 640 1866 6988
3 4363 4399 7683
3 2120 2320 3983
3 6184 7729 9864
3 2950 4465 6721
3 1023 4215 5813
3 2872 3146 5865
3 7818 9043 9446
3 5998 6452 9633
3 642 2072 6761
3 5164 5277 8679
3 1533 5559 7418
3 4124 6809 9456
3 1584 9002 9238
3 4434 5531 7432
3 6161 6436 6637
3 1330 5487 7457
3 1796 4865 8031
3 2401 2412 5205
3 3136 6280 7480
3 355 3244 8711
3 3371 5536 8143
3 2595 5824 9413
3 1440 5235 7665
3 926 2381 2731
3 1467 6903 9075
3 170 1021 1371
3 3020 4248 8648
3 6130 7105 9549
3 2198 3127 4887
3 2672 4511 6243
3 1837 2746 9047
3 2278 3129 8977
3 1286 7310 7382
3 3132 8139 8950
3 2765 6148 6478
3 4926 7663 9201
3 5058 9489 9836
3 909 1649 4514
3 1886 3188 8252
3 2875 3969 7672
3 4801 4814 9993
3 3617 5313 7375
3 2732 6008 7078
3 53 6053 7706
3 1526 3578 6471
3 3038 3153 3980
3 6022 6152 8808
3 3590 5908 7809
3 4661 6506 8486
3 97 1422 6311
3 5551 7425 7532
3 955 3749 4942
3 2956 4238 4410
3 3280 5752 6490
3 4892 5040 8423
3 3811 3903 9122
3 2191 3396 6724
3 4704 5191 9716
3 1983 2343 4228
3 6328 6811 8264
3 5719 5794 7554
3 2467 2949 3972
3 739 8376 9028
3 1047 6576 9656
3 4155 4412 9600
3 1259 1535 5836
3 4206 6700 7694
3 2129 3793 4777
3 4767 5763 8176
3 1318 3021 6202
3 1062 6380 9692
3 343 5255 6263
3 6340 6612 8801
3 5644 7521 9744
3 1100 5240 7176
3 2167 6711 8043
3 2062 8810 9009
3 2210 2859 5085
3 1822 2105 3299
3 3985 8461 9286
3 133 589 9210
3 153 5947 8823
3 3818 5951 8632
3 253 444 6332
3 8325 9215 9578
3 5897 6522 7674
3 2560 7966 8597
3 37 6015 8326
3 1256 6258 9328
3 2134 3311 8643
3 2333 6093 7518
3 2785 3344 6705
3 1339 4221 6744
3 4046 7963 9726
3 889 2881 5482
3 16 1382 6112
3 20 4596 7356
3 2786 5380 6630
3 2277 2983 8388
3 4495 8934 9068
3 13 431 5166
3 5449 9332 9540
3 1377 2806 9892
3 5316 6149 9584
3 5467 6563 8930
3 968 7970 8355
3 3428 5959 8859
3 4943 5916 9901
3 305 643 1197
3 2610 6246 8093
3 3543 3582 4047
3 5489 5730 7273
3 3809 4994 9431
3 489 7024 9227
3 2437 4688 9767
3 1536 2629 5556
3 8353 8815 9198
3 0 347 3882
3 622 3933 6960
3 1801 4640 6942
3 3274 7397 8519
3 848 1043 7186
3 5173 8180 8398
3 1381 1761 4094
3 22 2837 8019
3 726 4478 6693
3 433 4635 8229
3 562 1161 9274
3 3125 4790 8696
3 2702 3956 8277
3 34 2303 5920
3 157 5178 5986
3 1980 5676 8766
3 1027 5954 6915
3 649 5872 7724
3 2506 4504 9065
3 2358 4639 8981
3 4742 7132 7960
3 2024 3773 9015
3 2472 4623 8238
3 1165 3875 8568
3 1640 1755 4246
3 1754 2772 4659
3 5059 8571 8712
3 4796 7948 9143
3 6586 7555 8876
3 3515 7581 8222
3 5370 6121 7876
3 6448 7565 8447
3 335 4826 6959
3 3364 3747 9187
3 662 6698 9468
3 1110 1411 5558
3 512 2294 9957
3 825 7223 8210
3 186 6450 7770
3 2824 4188 5882
3 615 919 4653
3 1502 4279 8401
3 5134 9699 9855
3 185 7454 8201
3 5657 6244 7150
3 740 4958 8675
3 101 978 7362
3 4482 4595 9538
3 2422 7419 9029
3 2578 6560 7357
3 1009 6713 7868
3 2453 2954 7812
3 234 2159 8525
3 579 1416 5208
3 78 711 3783
3 4375 6189 6259
3 4104 5200 6005
3 1869 5895 7461
3 5505 6208 7849
3 4679 7388 7689
3 499 5024 9394
3 1208 1939 2033
3 1908 7959 9200
3 1461 2604 9114
3 4339 4554 8804
3 23 7018 8919
3 6846 7895 8663
3 467 673 9085
3 5077 9810 9891
3 4245 6669 8863
3 725 1586 6225
3 3939 5106 5702
3 1527 5422 9137
3 5566 7675 9526
3 4839 5066 6126
3 885 3743 8978
3 554 3517 8734
3 2144 6524 8426
3 4501 6740 9036
3 6104 8166 9987
3 5234 5522 6600
3 439 6828 8821
3 1475 8028 8759
3 1744 7237 7252
3 2307 2898 6315
3 30 1650 9935
3 7121 8314 8576
3 5400 5829 9944
3 1031 2621 9038
3 1843 4488 8732
3 3679 5233 8756
3 953 2297 2570
3 2891 2977 7087
3 1090 6492 9586
3 487 2199 6127
3 1270 6746 7036
3 982 1978 8822
3 3312 3449 8413
3 219 4855 9768
3 3407 5950 8256
3 6590 7813 9083
3 1452 6944 8456
3 1898 7110 7975
3 4567 6034 6671
3 4398 8438 8918
3 3330 6118 8573
3 1694 7634 7761
3 1415 6565 6890
3 2242 2715 3724
3 3698 5253 6972
3 3822 6851 8897
3 934 1516 9920
3 3665 3798 3926
3 2304 3265 6699
3 4750 7430 7600
3 372 3824 5276
3 1313 2531 4982
3 143 5140 7751
3 2289 5047 5917
3 3841 5104 7631
3 1426 2047 4325
3 4935 5980 8543
3 1538 2384 3370
3 4747 5212 9655
3 802 9564 9862
3 204 703 4173
3 3261 3318 5098
3 5128 5800 8440
3 4986 5401 7877
3 4451 6002 9337
3 5161 7127 9524
3 502 1549 1899
3 2337 2911 6629
3 1696 3657 9035
3 956 7743 9647
3 2074 2417 4804
3 229 3216 4880
3 7410 8638 9680
3 40 2016 4713
3 6046 9261 9475
3 4069 7557 8406
3 2529 3761 8753
3 183 5863 7753
3 2661 3324 7907
3 7496 8372 8952
3 4898 5881 9745
3 1809 1961 7490
3 782 7804 8435
3 279 2634 6357
3 68 159 8729
3 669 7805 8383
3 115 4723 9073
3 1616 3186 5598
3 4877 5523 6899
3 1201 5190 7117
3 459 3431 6510
3 3334 4787 9711
3 2582 5171 8737
3 472 7850 9613
3 123 675 1250
3 545 8965 9659
3 2110 6725 7881
3 4 3052 4811
3 2608 3099 5122
3 3555 7236 7788
3 163 7501 8089
3 258 1807 5817
3 458 2281 8640
3 1086 2713 5206
3 2554 6095 9260
3 899 4001 7197
3 1653 7320 9194
3 6210 8129 9272
3 872 6275 8393
3 5584 6958 9737
3 2399 7017 7423
3 356 2514 9759
3 456 5736 5741
3 7329 7407 8493
3 868 3300 5373
3 2929 3838 5329
3 5387 6270 7502
3 3965 4330 8667
3 4630 5175 9958
3 3411 3902 4841
3 4479 4969 6398
3 576 2163 3887
3 511 4095 8347
3 3880 5426 6993
3 1118 7686 8472
3 613 5019 7014
3 7085 7275 9488
3 610 3123 4196
3 1532 1867 9858
3 1132 4301 5979
3 1835 6544 8987
3 858 5097 5268
3 3355 4599 9611
3 3806 5237 7274
3 2184 4116 9575
3 1986 3504 5254
3 4438 7247 7731
3 57 7697 9773
3 1194 1969 5125
3 3442 3513 4197
3 2268 3161 8021
3 225 4662 6805
3 4217 6499 6864
3 1688 7349 8716
3 1292 1806 2143
3 1032 4646 6494
3 1084 1627 8789
3 4914 9157 9555
3 2068 5064 8212
3 845 1665 5026
3 1495 4549 7693
3 6180 6922 7233
3 4562 6223 6517
3 419 4894 8642
3 1716 2549 8727
3 2002 4172 6387
3 3570 5612 9496
3 395 2234 4906
3 2591 4369 7632
3 949 2328 9406
3 1949 2730 8903
3 691 1618 6323
3 217 1985 4328
3 558 3402 4156
3 3078 5699 7803
3 819 2601 6174
3 401 1058 5831
3 1404 1638 4856
3 2232 7786 8870
3 7510 7559 8584
3 2215 3744 7695
3 293 5470 8654
3 800 7828 7957
3 4981 9535 9830
3 1099 7889 8409
3 6132 6973 8498
3 728 893 3621
3 1892 2711 7298
3 1953 9590 9844
3 1958 2793 9294
3 1865 5481 5621
3 2235 4910 6096
3 1137 6814 9543
3 3209 4394 7906
3 930 5199 8316
3 2137 6822 7483
3 199 5672 9003
3 2946 7721 9553
3 365 828 3124
3 5146 5952 8773
3 1774 1848 7744
3 473 4249 6635
3 2239 4136 9458
3 4822 6356 9678
3 6852 7965 9338
3 2947 4314 7664
3 3581 6770 7019
3 241 3262 3316
3 2483 7602 9225
3 168 3821 4948
3 2671 4337 6581
3 2030 6962 8235
3 6472 8464 8842
3 550 5848 9022
3 4143 4311 9660
3 4489 5265 8629
3 4726 4922 5398
3 2799 4564 5885
3 4840 8206 9977
3 6064 7902 9927
3 3097 6125 9149
3 3521 5944 6520
3 4628 5429 6604
3 4164 8084 9876
3 2563 3332 8793
3 2987 3438 4176
3 2712 4605 7408
3 89 4447 8853
3 4694 5958 8411
3 83 6803 7639
3 2451 3506 6078
3 7315 9205 9679
3 1783 7653 8374
3 5769 6425 9209
3 2442 3927 7140
3 937 3381 7172
3 3888 7190 8771
3 4518 9333 9882
3 4312 5460 9582
3 1212 6674 9457
3 3784 8268 9251
3 2685 9356 9421
3 866 3263 6090
3 6261 6304 9570
3 2065 2775 5345
3 719 5043 6068
3 200 2022 8986
3 3721 6812 8539
3 4558 6541 9670
3 2376 8665 9230
3 5812 8507 9859
3 156 2781 7951
3 218 1611 9624
3 639 1880 8996
3 1661 2466 5132
3 3878 4403 7309
3 7980 9013 9314
3 346 4893 6739
3 2019 2057 2556
3 769 2335 7216
3 2825 6023 9877
3 1288 6529 7251
3 5192 7826 7938
3 3615 5189 5840
3 2152 5246 7684
3 2201 5903 7903
3 796 7929 9635
3 1172 2470 6414
3 3883 4634 8886
3 3233 6701 7992
3 175 3748 4078
3 771 3984 6920
3 2237 6990 7820
3 4468 6371 6664
3 1105 2227 3147
3 2402 3266 3587
3 1192 4693 5718
3 8491 8567 9089
3 189 3849 4193
3 3539 5658 9156
3 5577 6697 8726
3 3247 5966 6227
3 4487 8321 9534
3 2951 4669 9329
3 1133 3807 3873
3 2216 6559 7491
3 2382 8165 8633
3 349 5599 7969
3 1836 3017 4508
3 1130 3536 4538
3 862 1127 6620
3 378 3664 9152
3 238 5323 8340
3 2447 6774 7815
3 1639 3893 4461
3 3225 8067 9232
3 1909 2805 4255
3 3799 4678 5972
3 221 3493 6833
3 1699 5210 7065
3 984 1656 9770
3 4163 5586 8985
3 1553 2356 9771
3 935 2136 2435
3 8142 8177 8686
3 287 1184 1403
3 6035 7616 8085
3 2334 3994 5641
3 4144 4952 5424
3 4529 5883 8049
3 1652 1781 4950
3 896 1732 2942
3 441 1669 4890
3 794 990 3541
3 7915 8593 8875
3 1266 5279 9785
3 3753 3860 6331
3 1488 4392 6077
3 1170 3935 7556
3 316 9181 9686
2 4613 8108
2 618 3174
2 2754 4308
2 4918 7460
2 753 3281
2 2406 7931
2 2220 3445
2 3313 9985
2 1093 9948
2 6636 8618
2 4746 8694
2 6595 7925
2 894 3439
2 5613 6897
2 4818 6497
2 3178 9134
2 2750 7371
2 5391 9846
2 2011 6831
2 5397 6409
2 3580 9008
2 4428 5594
2 1683 3862
2 292 4544
2 3491 4789
2 1928 9754
2 3131 8534
2 6373 9100
2 3085 8015
2 4932 7096
2 1935 2567
2 3353 7898
2 3076 3610
2 6307 9941
2 3401 8645
2 4088 9863
2 6417 8068
2 3929 8709
2 2480 4833
2 651 1841
2 2564 5511
2 1469 2087
2 3941 9140
2 977 4355
2 7043 8273
2 304 8298
2 1574 3115
2 1480 6233
2 1138 1277
2 2173 7795
2 144 9491
2 5804 7163
2 5770 6843
2 288 2288
2 7962 9367
2 1331 6213
2 2464 7091
2 4714 7553
2 5725 7229
2 5550 7642
2 3584 9954
2 6087 7544
2 1971 5182
2 2835 9423
2 733 5578
2 2577 8502
2 108 9870
2 6513 8740
2 8564 8776
2 9172 9179
2 3006 4598
2 1235 4882
2 1131 9860
2 425 1227
2 616 8141
2 2418 5573
2 1494 4842
2 784 9710
2 3712 8941
2 2179 4939
2 2344 9617
2 5825 8309
2 7878 9999
2 4553 7507
2 2463 8955
2 867 5771
2 2318 4791
2 226 7799
2 1335 7546
2 6484 8086
2 7333 8103
2 1615 3917
2 383 2689
2 6796 7946
2 865 1135
2 1376 1685
2 2990 4220
2 280 5534
2 3425 4709
2 1563 5183
2 863 4226
2 1479 1868
2 3812 6456
2 7365 8080
2 388 2841
2 1700 2586
2 1119 5611
2 7060 7459
2 291 1196
2 633 7541
2 6279 6748
2 1679 8064
2 509 7580
2 1111 4290
2 3787 7434
2 1230 2550
2 203 9323
2 4633 6692
2 3639 7441
2 958 1074
2 3394 4211
2 5379 8282
2 405 4996
2 361 5694
2 1180 2878
2 9346 9742
2 1284 7807
2 3859 3949
2 5148 7669
2 2789 9819
2 2035 5779
2 5294 8410
2 4734 5410
2 621 6253
2 922 9372
2 7479 8784
2 693 5833
2 789 7069
2 3385 7758
2 1799 8602
2 318 9102
2 8412 9557
2 4632 9724
2 811 4344
2 831 6407
2 1323 5051
2 1046 8523
2 821 6917
2 415 6420
2 2410 2498
2 8791 8970
2 8872 8960
2 2934 3208
2 268 5327
2 2378 6158
2 227 6983
2 2541 3292
2 5844 6500
2 3327 9162
2 4675 9533
2 2405 3386
2 1993 4535
2 2324 7340
2 8164 9663
2 2086 7791
2 9604 9636
2 6242 9701
2 4979 5356
2 8731 9632
2 983 3866
2 4664 8857
2 6254 9807
2 4371 7399
2 4273 9186
2 3827 3922
2 9148 9644
2 1045 3389
2 1918 4425
2 6085 8613
2 491 7322
2 6654 7307
2 2386 5399
2 173 4323
2 3199 9342
2 5177 5361
2 3267 5413
2 2373 8780
2 148 3819
2 1029 7736
2 2676 6234
2 4107 6901
2 2311 6678
2 2508 8728
2 5350 5977
2 7712 8136
2 652 8725
2 1206 1554
2 3620 7092
2 1439 9717
2 3144 4810
2 6434 7416
2 69 6480
2 192 7667
2 3756 9362
2 2503 5187
2 1610 5073
2 1654 1992
2 437 9282
2 5643 5853
2 917 4807
2 1897 5745
2 1329 2996
2 2883 4372
2 508 3474
2 7832 8535
2 4260 5045
2 4032 4214
2 7243 9963
2 3227 5167
2 2803 7033
2 7059 9609
2 2884 8879
2 7264 9070
2 4224 9327
2 7093 7165
2 342 8117
2 605 7793
2 435 9787
2 5957 7588
2 4651 4732
2 901 2206
2 194 312
2 303 9159
2 4103 8311
2 3636 7097
2 4435 9749
2 1705 3476
2 4972 7276
2 2427 2769
2 376 8220
2 8395 9822
2 478 3466
2 1731 4376
2 4577 6841
2 121 1063
2 4285 4356
2 4891 8770
2 3879 9011
2 5508 8570
2 118 4237
2 2520 8778
2 3058 7086
2 1534 2532
2 2500 8405
2 729 5340
2 5993 8758
2 1305 3082
2 2330 9415
2 5870 7228
2 1142 8144
2 209 1831
2 3530 6902
2 3189 7578
2 184 5747
2 4758 9436
2 2170 2771
2 4724 6187
2 2425 5983
2 111 6411
2 5483 8877
2 4470 7789
2 4232 4860
2 5377 7393
2 1728 5557
2 596 6614
2 1517 9264
2 8114 9571
2 2974 9380
2 2808 7561
2 1501 7547
2 5107 7098
2 179 4333
2 803 2166
2 2098 3777
2 3044 4899
2 8361 9031
2 1496 7856
2 4523 7427
2 7187 9931
2 3717 8244
2 7077 8961
2 2512 3727
2 230 6156
2 2812 8975
2 6853 7730
2 256 6141
2 1226 8038
2 987 9301
2 1171 9775
2 4098 4175
2 908 8135
2 274 2485
2 6937 8272
2 1614 2272
2 3716 8002
2 6308 7864
2 7590 8045
2 1485 9736
2 2252 6128
2 4966 5906
2 5260 7741
2 6720 8698
2 482 8556
2 81 7075
2 507 7606
2 1972 6607
2 1283 4699
2 781 1177
2 1695 4440
2 4063 8530
2 5067 6075
2 1749 9556
2 1350 7847
2 8075 8542
2 5304 6265
2 2231 7942
2 2827 8797
2 833 1937
2 5504 6177
2 1625 1917
2 5262 6682
2 4845 5213
2 3635 5727
2 6545 6971
2 3053 5617
2 1622 8462
2 3993 5696
2 3059 8011
2 574 795
2 959 3685
2 2039 4297
2 5158 7045
2 1006 7337
2 3307 7068
2 2271 7533
2 903 8110
2 1804 8561
2 4876 8500
2 1326 5023
2 406 4913
2 6026 8473
2 7292 8880
2 6429 7514
2 311 9296
2 3469 3690
2 5008 9126
2 7138 7248
2 428 1789
2 1166 9498
2 2673 9793
2 182 9357
2 3023 3846
2 8494 9932
2 7833 9521
2 538 4305
2 7711 8635
2 6551 7022
2 7139 7830
2 6539 7404
2 4262 8850
2 25 424
2 5938 6098
2 4427 5010
2 2900 4588
2 5585 7682
2 3108 3534
2 3705 5783
2 1634 8555
2 2310 9910
2 4830 5382
2 1984 2546
2 668 7367
2 5907 9698
2 603 3268
2 7067 7584
2 1275 2583
2 1513 6848
2 5900 7550
2 6293 6533
2 5480 7453
2 1703 9042
2 5754 6643
2 4060 6412
2 5640 7030
2 6961 9007
2 1762 9044
2 2393 3286
2 7102 8441
2 8924 9311
2 1612 6998
2 1307 4843
2 1191 6237
2 2961 8868
2 3963 5910
2 3154 4770
2 6021 6617
2 341 8968
2 6031 8190
2 5632 6859
2 6393 6519
2 698 2357
2 2709 5472
2 3205 6185
2 2138 2928
2 1149 6454
2 4851 9411
2 6799 8001
2 526 3361
2 3591 7688
2 3854 7071
2 54 4591
2 275 9861
2 4691 6257
2 4453 7985
2 4009 7281
2 180 9823
2 5386 8592
2 3696 5926
2 4923 6195
2 1775 4019
2 2280 7129
2 921 1824
2 4793 6222
2 4911 9297
2 3803 9577
2 4283 8000
2 319 658
2 5281 9146
2 452 9189
2 1190 9229
2 4048 4821
2 6199 9548
2 3416 6862
2 3523 4236
2 6290 9914
2 6923 7658
2 2026 5430
2 6119 8541
2 582 1878
2 1770 9059
2 3382 3619
2 5100 7852
2 3156 3169
2 2664 6491
2 3454 7000
2 5257 7523
2 1777 7574
2 1134 6040
2 659 5693
2 6334 7782
2 9204 9270
2 3645 3810
2 2385 4705
2 1667 3719
2 1932 4426
2 2662 6850
2 2645 5153
2 886 4525
2 5838 6516
2 6772 7261
2 2010 8231
2 1725 8554
2 2153 8098
2 972 7011
2 5538 9336
2 4034 6509
2 224 9164
2 3611 9929
2 9024 9554
2 412 1873
2 7890 9833
2 1308 2980
2 27 7882
2 2038 3413
2 4209 9933
2 1302 5406
2 2656 5466
2 7488 8034
2 6283 9400
2 468 9638
2 2899 3301
2 4556 7504
2 4132 6592
2 6163 9972
2 1401 8118
2 3843 4581
2 7222 9720
2 5949 6792
2 2733 6391
2 7921 8109
2 2858 5635
2 3035 9101
2 1237 8546
2 986 8508